<?xml version="1.0" encoding="UTF-8"?>
<testsuite name="com.betterjavacode.mongodbdemo.mongodbapp.MongodbappApplicationTests" tests="1" skipped="0" failures="0" errors="0" timestamp="2024-01-16T15:19:08" hostname="KAMRAN-PC" time="0.508">
  <properties/>
  <testcase name="contextLoads()" classname="com.betterjavacode.mongodbdemo.mongodbapp.MongodbappApplicationTests" time="0.508"/>
  <system-out><![CDATA[20:19:05.544 [Test worker] DEBUG org.springframework.test.context.BootstrapUtils - Instantiating CacheAwareContextLoaderDelegate from class [org.springframework.test.context.cache.DefaultCacheAwareContextLoaderDelegate]
20:19:05.555 [Test worker] DEBUG org.springframework.test.context.BootstrapUtils - Instantiating BootstrapContext using constructor [public org.springframework.test.context.support.DefaultBootstrapContext(java.lang.Class,org.springframework.test.context.CacheAwareContextLoaderDelegate)]
20:19:05.589 [Test worker] DEBUG org.springframework.test.context.BootstrapUtils - Instantiating TestContextBootstrapper for test class [com.betterjavacode.mongodbdemo.mongodbapp.MongodbappApplicationTests] from class [org.springframework.boot.test.context.SpringBootTestContextBootstrapper]
20:19:05.600 [Test worker] INFO org.springframework.boot.test.context.SpringBootTestContextBootstrapper - Neither @ContextConfiguration nor @ContextHierarchy found for test class [com.betterjavacode.mongodbdemo.mongodbapp.MongodbappApplicationTests], using SpringBootContextLoader
20:19:05.605 [Test worker] DEBUG org.springframework.test.context.support.AbstractContextLoader - Did not detect default resource location for test class [com.betterjavacode.mongodbdemo.mongodbapp.MongodbappApplicationTests]: class path resource [com/betterjavacode/mongodbdemo/mongodbapp/MongodbappApplicationTests-context.xml] does not exist
20:19:05.606 [Test worker] DEBUG org.springframework.test.context.support.AbstractContextLoader - Did not detect default resource location for test class [com.betterjavacode.mongodbdemo.mongodbapp.MongodbappApplicationTests]: class path resource [com/betterjavacode/mongodbdemo/mongodbapp/MongodbappApplicationTestsContext.groovy] does not exist
20:19:05.606 [Test worker] INFO org.springframework.test.context.support.AbstractContextLoader - Could not detect default resource locations for test class [com.betterjavacode.mongodbdemo.mongodbapp.MongodbappApplicationTests]: no resource found for suffixes {-context.xml, Context.groovy}.
20:19:05.607 [Test worker] INFO org.springframework.test.context.support.AnnotationConfigContextLoaderUtils - Could not detect default configuration classes for test class [com.betterjavacode.mongodbdemo.mongodbapp.MongodbappApplicationTests]: MongodbappApplicationTests does not declare any static, non-private, non-final, nested classes annotated with @Configuration.
20:19:05.656 [Test worker] DEBUG org.springframework.test.context.support.ActiveProfilesUtils - Could not find an 'annotation declaring class' for annotation type [org.springframework.test.context.ActiveProfiles] and class [com.betterjavacode.mongodbdemo.mongodbapp.MongodbappApplicationTests]
20:19:05.733 [Test worker] DEBUG org.springframework.context.annotation.ClassPathScanningCandidateComponentProvider - Identified candidate component class: file [C:\Users\MWRIK\Downloads\mongodbapp\mongodbapp-master\build\classes\java\main\com\betterjavacode\mongodbdemo\mongodbapp\MongodbappApplication.class]
20:19:05.735 [Test worker] INFO org.springframework.boot.test.context.SpringBootTestContextBootstrapper - Found @SpringBootConfiguration com.betterjavacode.mongodbdemo.mongodbapp.MongodbappApplication for test class com.betterjavacode.mongodbdemo.mongodbapp.MongodbappApplicationTests
20:19:05.862 [Test worker] DEBUG org.springframework.boot.test.context.SpringBootTestContextBootstrapper - @TestExecutionListeners is not present for class [com.betterjavacode.mongodbdemo.mongodbapp.MongodbappApplicationTests]: using defaults.
20:19:05.863 [Test worker] INFO org.springframework.boot.test.context.SpringBootTestContextBootstrapper - Loaded default TestExecutionListener class names from location [META-INF/spring.factories]: [org.springframework.boot.test.autoconfigure.restdocs.RestDocsTestExecutionListener, org.springframework.boot.test.autoconfigure.web.client.MockRestServiceServerResetTestExecutionListener, org.springframework.boot.test.autoconfigure.web.servlet.MockMvcPrintOnlyOnFailureTestExecutionListener, org.springframework.boot.test.autoconfigure.web.servlet.WebDriverTestExecutionListener, org.springframework.boot.test.autoconfigure.webservices.client.MockWebServiceServerTestExecutionListener, org.springframework.boot.test.mock.mockito.MockitoTestExecutionListener, org.springframework.boot.test.mock.mockito.ResetMocksTestExecutionListener, org.springframework.test.context.web.ServletTestExecutionListener, org.springframework.test.context.support.DirtiesContextBeforeModesTestExecutionListener, org.springframework.test.context.event.ApplicationEventsTestExecutionListener, org.springframework.test.context.support.DependencyInjectionTestExecutionListener, org.springframework.test.context.support.DirtiesContextTestExecutionListener, org.springframework.test.context.transaction.TransactionalTestExecutionListener, org.springframework.test.context.jdbc.SqlScriptsTestExecutionListener, org.springframework.test.context.event.EventPublishingTestExecutionListener]
20:19:05.889 [Test worker] INFO org.springframework.boot.test.context.SpringBootTestContextBootstrapper - Using TestExecutionListeners: [org.springframework.test.context.web.ServletTestExecutionListener@631e06ab, org.springframework.test.context.support.DirtiesContextBeforeModesTestExecutionListener@2a3591c5, org.springframework.test.context.event.ApplicationEventsTestExecutionListener@34a75079, org.springframework.boot.test.mock.mockito.MockitoTestExecutionListener@346a361, org.springframework.boot.test.autoconfigure.SpringBootDependencyInjectionTestExecutionListener@107ed6fc, org.springframework.test.context.support.DirtiesContextTestExecutionListener@1643d68f, org.springframework.test.context.transaction.TransactionalTestExecutionListener@186978a6, org.springframework.test.context.jdbc.SqlScriptsTestExecutionListener@2e029d61, org.springframework.test.context.event.EventPublishingTestExecutionListener@482d776b, org.springframework.boot.test.autoconfigure.restdocs.RestDocsTestExecutionListener@4052274f, org.springframework.boot.test.autoconfigure.web.client.MockRestServiceServerResetTestExecutionListener@132ddbab, org.springframework.boot.test.autoconfigure.web.servlet.MockMvcPrintOnlyOnFailureTestExecutionListener@297ea53a, org.springframework.boot.test.autoconfigure.web.servlet.WebDriverTestExecutionListener@acb0951, org.springframework.boot.test.autoconfigure.webservices.client.MockWebServiceServerTestExecutionListener@5bf22f18, org.springframework.boot.test.mock.mockito.ResetMocksTestExecutionListener@267f474e]
20:19:05.893 [Test worker] DEBUG org.springframework.test.context.support.AbstractDirtiesContextTestExecutionListener - Before test class: context [DefaultTestContext@4648ce9 testClass = MongodbappApplicationTests, testInstance = [null], testMethod = [null], testException = [null], mergedContextConfiguration = [WebMergedContextConfiguration@569bf9eb testClass = MongodbappApplicationTests, locations = '{}', classes = '{class com.betterjavacode.mongodbdemo.mongodbapp.MongodbappApplication}', contextInitializerClasses = '[]', activeProfiles = '{}', propertySourceLocations = '{}', propertySourceProperties = '{org.springframework.boot.test.context.SpringBootTestContextBootstrapper=true}', contextCustomizers = set[org.springframework.boot.test.autoconfigure.actuate.metrics.MetricsExportContextCustomizerFactory$DisableMetricExportContextCustomizer@19b93fa8, org.springframework.boot.test.autoconfigure.properties.PropertyMappingContextCustomizer@0, org.springframework.boot.test.autoconfigure.web.servlet.WebDriverContextCustomizerFactory$Customizer@5e4bd84a, org.springframework.boot.test.context.filter.ExcludeFilterContextCustomizer@53fd0d10, org.springframework.boot.test.json.DuplicateJsonObjectContextCustomizerFactory$DuplicateJsonObjectContextCustomizer@1fde5d22, org.springframework.boot.test.mock.mockito.MockitoContextCustomizer@0, org.springframework.boot.test.web.client.TestRestTemplateContextCustomizer@dbd8e44, org.springframework.boot.test.context.SpringBootTestArgs@1, org.springframework.boot.test.context.SpringBootTestWebEnvironment@793be5ca], resourceBasePath = 'src/main/webapp', contextLoader = 'org.springframework.boot.test.context.SpringBootContextLoader', parent = [null]], attributes = map['org.springframework.test.context.web.ServletTestExecutionListener.activateListener' -> true]], class annotated with @DirtiesContext [false] with mode [null].

  .   ____          _            __ _ _
 /\\ / ___'_ __ _ _(_)_ __  __ _ \ \ \ \
( ( )\___ | '_ | '_| | '_ \/ _` | \ \ \ \
 \\/  ___)| |_)| | | | | || (_| |  ) ) ) )
  '  |____| .__|_| |_|_| |_\__, | / / / /
 =========|_|==============|___/=/_/_/_/
 :: Spring Boot ::                (v2.7.1)

2024-01-16 20:19:06.223  INFO 11980 --- [    Test worker] c.b.m.m.MongodbappApplicationTests       : Starting MongodbappApplicationTests using Java 18.0.2.1 on kamran-pc with PID 11980 (started by MWRIK in C:\Users\MWRIK\Downloads\mongodbapp\mongodbapp-master)
2024-01-16 20:19:06.225  INFO 11980 --- [    Test worker] c.b.m.m.MongodbappApplicationTests       : No active profile set, falling back to 1 default profile: "default"
2024-01-16 20:19:06.869  INFO 11980 --- [    Test worker] .s.d.r.c.RepositoryConfigurationDelegate : Bootstrapping Spring Data MongoDB repositories in DEFAULT mode.
2024-01-16 20:19:06.916  INFO 11980 --- [    Test worker] .s.d.r.c.RepositoryConfigurationDelegate : Finished Spring Data repository scanning in 41 ms. Found 1 MongoDB repository interfaces.
2024-01-16 20:19:07.433  INFO 11980 --- [    Test worker] org.mongodb.driver.client                : MongoClient with metadata {"driver": {"name": "mongo-java-driver|sync|spring-boot", "version": "4.6.1"}, "os": {"type": "Windows", "name": "Windows 10", "architecture": "amd64", "version": "10.0"}, "platform": "Java/Oracle Corporation/18.0.2.1+1-1"} created with settings MongoClientSettings{readPreference=primary, writeConcern=WriteConcern{w=null, wTimeout=null ms, journal=null}, retryWrites=true, retryReads=true, readConcern=ReadConcern{level=null}, credential=null, streamFactoryFactory=null, commandListeners=[], codecRegistry=ProvidersCodecRegistry{codecProviders=[ValueCodecProvider{}, BsonValueCodecProvider{}, DBRefCodecProvider{}, DBObjectCodecProvider{}, DocumentCodecProvider{}, IterableCodecProvider{}, MapCodecProvider{}, GeoJsonCodecProvider{}, GridFSFileCodecProvider{}, Jsr310CodecProvider{}, JsonObjectCodecProvider{}, BsonCodecProvider{}, EnumCodecProvider{}, com.mongodb.Jep395RecordCodecProvider@3af58f76]}, clusterSettings={hosts=[localhost:27017], srvServiceName=mongodb, mode=SINGLE, requiredClusterType=UNKNOWN, requiredReplicaSetName='null', serverSelector='null', clusterListeners='[]', serverSelectionTimeout='30000 ms', localThreshold='30000 ms'}, socketSettings=SocketSettings{connectTimeoutMS=10000, readTimeoutMS=0, receiveBufferSize=0, sendBufferSize=0}, heartbeatSocketSettings=SocketSettings{connectTimeoutMS=10000, readTimeoutMS=10000, receiveBufferSize=0, sendBufferSize=0}, connectionPoolSettings=ConnectionPoolSettings{maxSize=100, minSize=0, maxWaitTimeMS=120000, maxConnectionLifeTimeMS=0, maxConnectionIdleTimeMS=0, maintenanceInitialDelayMS=0, maintenanceFrequencyMS=60000, connectionPoolListeners=[], maxConnecting=2}, serverSettings=ServerSettings{heartbeatFrequencyMS=10000, minHeartbeatFrequencyMS=500, serverListeners='[]', serverMonitorListeners='[]'}, sslSettings=SslSettings{enabled=false, invalidHostNameAllowed=false, context=null}, applicationName='null', compressorList=[], uuidRepresentation=JAVA_LEGACY, serverApi=null, autoEncryptionSettings=null, contextProvider=null}
2024-01-16 20:19:07.450  INFO 11980 --- [localhost:27017] org.mongodb.driver.connection            : Opened connection [connectionId{localValue:1, serverValue:2}] to localhost:27017
2024-01-16 20:19:07.450  INFO 11980 --- [localhost:27017] org.mongodb.driver.connection            : Opened connection [connectionId{localValue:2, serverValue:1}] to localhost:27017
2024-01-16 20:19:07.450  INFO 11980 --- [localhost:27017] org.mongodb.driver.cluster               : Monitor thread successfully connected to server with description ServerDescription{address=localhost:27017, type=STANDALONE, state=CONNECTED, ok=true, minWireVersion=0, maxWireVersion=21, maxDocumentSize=16777216, logicalSessionTimeoutMinutes=30, roundTripTimeNanos=23966801}
2024-01-16 20:19:08.786  INFO 11980 --- [    Test worker] c.b.m.m.MongodbappApplicationTests       : Started MongodbappApplicationTests in 2.848 seconds (JVM running for 4.153)
]]></system-out>
  <system-err><![CDATA[]]></system-err>
</testsuite>
